

Started GET "/" for 127.0.0.1 at 2014-11-02 10:50:55 +0000
Processing by Rails::WelcomeController#index as HTML
  Rendered /Library/Ruby/Gems/2.0.0/gems/railties-4.1.6/lib/rails/templates/rails/welcome/index.html.erb (2.1ms)
Completed 200 OK in 26ms (Views: 9.5ms | ActiveRecord: 0.0ms)


Started GET "/" for 127.0.0.1 at 2014-11-02 10:52:25 +0000
Processing by Rails::WelcomeController#index as HTML
  Rendered /Library/Ruby/Gems/2.0.0/gems/railties-4.1.6/lib/rails/templates/rails/welcome/index.html.erb (0.1ms)
Completed 200 OK in 1ms (Views: 0.9ms | ActiveRecord: 0.0ms)


Started GET "/" for 127.0.0.1 at 2014-11-02 11:02:37 +0000
Processing by Rails::WelcomeController#index as HTML
  Rendered /Library/Ruby/Gems/2.0.0/gems/railties-4.1.6/lib/rails/templates/rails/welcome/index.html.erb (1.2ms)
Completed 200 OK in 26ms (Views: 6.6ms | ActiveRecord: 0.0ms)


Started GET "/todo_lists" for 127.0.0.1 at 2014-11-02 11:04:25 +0000

ActiveRecord::PendingMigrationError (

Migrations are pending. To resolve this issue, run:

	bin/rake db:migrate RAILS_ENV=development

):
  activerecord (4.1.6) lib/active_record/migration.rb:389:in `check_pending!'
  activerecord (4.1.6) lib/active_record/migration.rb:377:in `call'
  actionpack (4.1.6) lib/action_dispatch/middleware/callbacks.rb:29:in `block in call'
  activesupport (4.1.6) lib/active_support/callbacks.rb:82:in `run_callbacks'
  actionpack (4.1.6) lib/action_dispatch/middleware/callbacks.rb:27:in `call'
  actionpack (4.1.6) lib/action_dispatch/middleware/reloader.rb:73:in `call'
  actionpack (4.1.6) lib/action_dispatch/middleware/remote_ip.rb:76:in `call'
  actionpack (4.1.6) lib/action_dispatch/middleware/debug_exceptions.rb:17:in `call'
  actionpack (4.1.6) lib/action_dispatch/middleware/show_exceptions.rb:30:in `call'
  railties (4.1.6) lib/rails/rack/logger.rb:38:in `call_app'
  railties (4.1.6) lib/rails/rack/logger.rb:20:in `block in call'
  activesupport (4.1.6) lib/active_support/tagged_logging.rb:68:in `block in tagged'
  activesupport (4.1.6) lib/active_support/tagged_logging.rb:26:in `tagged'
  activesupport (4.1.6) lib/active_support/tagged_logging.rb:68:in `tagged'
  railties (4.1.6) lib/rails/rack/logger.rb:20:in `call'
  actionpack (4.1.6) lib/action_dispatch/middleware/request_id.rb:21:in `call'
  rack (1.5.2) lib/rack/methodoverride.rb:21:in `call'
  rack (1.5.2) lib/rack/runtime.rb:17:in `call'
  activesupport (4.1.6) lib/active_support/cache/strategy/local_cache_middleware.rb:26:in `call'
  rack (1.5.2) lib/rack/lock.rb:17:in `call'
  actionpack (4.1.6) lib/action_dispatch/middleware/static.rb:64:in `call'
  rack (1.5.2) lib/rack/sendfile.rb:112:in `call'
  railties (4.1.6) lib/rails/engine.rb:514:in `call'
  railties (4.1.6) lib/rails/application.rb:144:in `call'
  rack (1.5.2) lib/rack/lock.rb:17:in `call'
  rack (1.5.2) lib/rack/content_length.rb:14:in `call'
  rack (1.5.2) lib/rack/handler/webrick.rb:60:in `service'
  /System/Library/Frameworks/Ruby.framework/Versions/2.0/usr/lib/ruby/2.0.0/webrick/httpserver.rb:138:in `service'
  /System/Library/Frameworks/Ruby.framework/Versions/2.0/usr/lib/ruby/2.0.0/webrick/httpserver.rb:94:in `run'
  /System/Library/Frameworks/Ruby.framework/Versions/2.0/usr/lib/ruby/2.0.0/webrick/server.rb:295:in `block in start_thread'


  Rendered /Library/Ruby/Gems/2.0.0/gems/actionpack-4.1.6/lib/action_dispatch/middleware/templates/rescues/_source.erb (0.6ms)
  Rendered /Library/Ruby/Gems/2.0.0/gems/actionpack-4.1.6/lib/action_dispatch/middleware/templates/rescues/_trace.html.erb (1.1ms)
  Rendered /Library/Ruby/Gems/2.0.0/gems/actionpack-4.1.6/lib/action_dispatch/middleware/templates/rescues/_request_and_response.html.erb (0.8ms)
  Rendered /Library/Ruby/Gems/2.0.0/gems/actionpack-4.1.6/lib/action_dispatch/middleware/templates/rescues/diagnostics.erb within rescues/layout (19.2ms)
  [1m[36m (1.0ms)[0m  [1mCREATE TABLE "schema_migrations" ("version" varchar(255) NOT NULL) [0m
  [1m[35m (0.1ms)[0m  select sqlite_version(*)
  [1m[36m (1.0ms)[0m  [1mCREATE UNIQUE INDEX "unique_schema_migrations" ON "schema_migrations" ("version")[0m
  [1m[35mActiveRecord::SchemaMigration Load (0.1ms)[0m  SELECT "schema_migrations".* FROM "schema_migrations"
Migrating to CreateTodoLists (20141102110411)
  [1m[36m (0.1ms)[0m  [1mbegin transaction[0m
  [1m[35m (0.3ms)[0m  CREATE TABLE "todo_lists" ("id" INTEGER PRIMARY KEY AUTOINCREMENT NOT NULL, "title" varchar(255), "description" text, "created_at" datetime, "updated_at" datetime) 
  [1m[36mSQL (0.2ms)[0m  [1mINSERT INTO "schema_migrations" ("version") VALUES (?)[0m  [["version", "20141102110411"]]
  [1m[35m (0.8ms)[0m  commit transaction
  [1m[36mActiveRecord::SchemaMigration Load (0.1ms)[0m  [1mSELECT "schema_migrations".* FROM "schema_migrations"[0m


Started GET "/todo_lists" for 127.0.0.1 at 2014-11-02 11:05:14 +0000
  [1m[36mActiveRecord::SchemaMigration Load (0.1ms)[0m  [1mSELECT "schema_migrations".* FROM "schema_migrations"[0m
Processing by TodoListsController#index as HTML
  [1m[35mTodoList Load (0.2ms)[0m  SELECT "todo_lists".* FROM "todo_lists"
  Rendered todo_lists/index.html.erb within layouts/application (2.1ms)
Completed 200 OK in 605ms (Views: 602.6ms | ActiveRecord: 0.2ms)


Started GET "/assets/scaffolds.css?body=1" for 127.0.0.1 at 2014-11-02 11:05:15 +0000


Started GET "/assets/todo_lists.css?body=1" for 127.0.0.1 at 2014-11-02 11:05:15 +0000


Started GET "/assets/turbolinks.js?body=1" for 127.0.0.1 at 2014-11-02 11:05:15 +0000


Started GET "/assets/application.css?body=1" for 127.0.0.1 at 2014-11-02 11:05:15 +0000


Started GET "/assets/jquery.js?body=1" for 127.0.0.1 at 2014-11-02 11:05:15 +0000


Started GET "/assets/jquery_ujs.js?body=1" for 127.0.0.1 at 2014-11-02 11:05:15 +0000


Started GET "/assets/todo_lists.js?body=1" for 127.0.0.1 at 2014-11-02 11:05:15 +0000


Started GET "/assets/application.js?body=1" for 127.0.0.1 at 2014-11-02 11:05:15 +0000


Started GET "/todo_lists/new" for 127.0.0.1 at 2014-11-02 11:05:17 +0000
Processing by TodoListsController#new as HTML
  Rendered todo_lists/_form.html.erb (19.7ms)
  Rendered todo_lists/new.html.erb within layouts/application (26.2ms)
Completed 200 OK in 62ms (Views: 60.4ms | ActiveRecord: 0.4ms)


Started POST "/todo_lists" for 127.0.0.1 at 2014-11-02 11:05:36 +0000
Processing by TodoListsController#create as HTML
  Parameters: {"utf8"=>"✓", "authenticity_token"=>"LMdaCiiSp5EhDv90Bt3XUtNWBBjyJ7V/wLj0OSVskfY=", "todo_list"=>{"title"=>"Go to gym", "description"=>"I joined pure gym, so I must go."}, "commit"=>"Create Todo list"}
  [1m[36m (0.2ms)[0m  [1mbegin transaction[0m
  [1m[35mSQL (0.4ms)[0m  INSERT INTO "todo_lists" ("created_at", "description", "title", "updated_at") VALUES (?, ?, ?, ?)  [["created_at", "2014-11-02 11:05:36.404571"], ["description", "I joined pure gym, so I must go."], ["title", "Go to gym"], ["updated_at", "2014-11-02 11:05:36.404571"]]
  [1m[36m (0.6ms)[0m  [1mcommit transaction[0m
Redirected to http://localhost:3001/todo_lists/1
Completed 302 Found in 8ms (ActiveRecord: 1.2ms)


Started GET "/todo_lists/1" for 127.0.0.1 at 2014-11-02 11:05:36 +0000
Processing by TodoListsController#show as HTML
  Parameters: {"id"=>"1"}
  [1m[35mTodoList Load (0.3ms)[0m  SELECT  "todo_lists".* FROM "todo_lists"  WHERE "todo_lists"."id" = ? LIMIT 1  [["id", 1]]
  Rendered todo_lists/show.html.erb within layouts/application (1.0ms)
Completed 200 OK in 39ms (Views: 35.1ms | ActiveRecord: 0.3ms)


Started GET "/assets/todo_lists.css?body=1" for 127.0.0.1 at 2014-11-02 11:05:36 +0000


Started GET "/assets/scaffolds.css?body=1" for 127.0.0.1 at 2014-11-02 11:05:36 +0000


Started GET "/assets/todo_lists.js?body=1" for 127.0.0.1 at 2014-11-02 11:05:36 +0000


Started GET "/" for 127.0.0.1 at 2014-11-02 11:08:09 +0000
Processing by TodoListsController#index as HTML
  [1m[36mTodoList Load (0.3ms)[0m  [1mSELECT "todo_lists".* FROM "todo_lists"[0m
  Rendered todo_lists/index.html.erb within layouts/application (5.9ms)
Completed 200 OK in 42ms (Views: 39.1ms | ActiveRecord: 0.6ms)


Started GET "/assets/scaffolds.css?body=1" for 127.0.0.1 at 2014-11-02 11:08:09 +0000


Started GET "/assets/todo_lists.css?body=1" for 127.0.0.1 at 2014-11-02 11:08:09 +0000


Started GET "/assets/application.css?body=1" for 127.0.0.1 at 2014-11-02 11:08:09 +0000


Started GET "/assets/application.js?body=1" for 127.0.0.1 at 2014-11-02 11:08:09 +0000


Started GET "/assets/todo_lists.js?body=1" for 127.0.0.1 at 2014-11-02 11:08:09 +0000
  [1m[36mActiveRecord::SchemaMigration Load (0.1ms)[0m  [1mSELECT "schema_migrations".* FROM "schema_migrations"[0m
Migrating to CreateTodoItems (20141102111115)
  [1m[35m (0.1ms)[0m  begin transaction
  [1m[36m (0.3ms)[0m  [1mCREATE TABLE "todo_items" ("id" INTEGER PRIMARY KEY AUTOINCREMENT NOT NULL, "content" varchar(255), "todo_list_id" integer, "created_at" datetime, "updated_at" datetime) [0m
  [1m[35m (0.0ms)[0m  select sqlite_version(*)
  [1m[36m (0.1ms)[0m  [1mCREATE  INDEX "index_todo_items_on_todo_list_id" ON "todo_items" ("todo_list_id")[0m
  [1m[35mSQL (0.2ms)[0m  INSERT INTO "schema_migrations" ("version") VALUES (?)  [["version", "20141102111115"]]
  [1m[36m (2.1ms)[0m  [1mcommit transaction[0m
  [1m[35mActiveRecord::SchemaMigration Load (0.1ms)[0m  SELECT "schema_migrations".* FROM "schema_migrations"
  [1m[36m (0.1ms)[0m  [1m            SELECT sql
            FROM sqlite_master
            WHERE name='index_todo_items_on_todo_list_id' AND type='index'
            UNION ALL
            SELECT sql
            FROM sqlite_temp_master
            WHERE name='index_todo_items_on_todo_list_id' AND type='index'
[0m


Started GET "/" for 127.0.0.1 at 2014-11-02 11:27:13 +0000
  [1m[35mActiveRecord::SchemaMigration Load (0.1ms)[0m  SELECT "schema_migrations".* FROM "schema_migrations"
Processing by TodoListsController#index as HTML
  [1m[36mTodoList Load (0.2ms)[0m  [1mSELECT "todo_lists".* FROM "todo_lists"[0m
  Rendered todo_lists/index.html.erb within layouts/application (4.9ms)
Completed 200 OK in 234ms (Views: 228.0ms | ActiveRecord: 0.4ms)


Started GET "/assets/todo_items.css?body=1" for 127.0.0.1 at 2014-11-02 11:27:13 +0000


Started GET "/assets/scaffolds.css?body=1" for 127.0.0.1 at 2014-11-02 11:27:13 +0000


Started GET "/assets/jquery.js?body=1" for 127.0.0.1 at 2014-11-02 11:27:13 +0000


Started GET "/assets/todo_lists.css?body=1" for 127.0.0.1 at 2014-11-02 11:27:13 +0000


Started GET "/assets/jquery_ujs.js?body=1" for 127.0.0.1 at 2014-11-02 11:27:13 +0000


Started GET "/assets/application.css?body=1" for 127.0.0.1 at 2014-11-02 11:27:13 +0000


Started GET "/assets/todo_items.js?body=1" for 127.0.0.1 at 2014-11-02 11:27:13 +0000


Started GET "/assets/turbolinks.js?body=1" for 127.0.0.1 at 2014-11-02 11:27:13 +0000


Started GET "/assets/todo_lists.js?body=1" for 127.0.0.1 at 2014-11-02 11:27:13 +0000


Started GET "/assets/application.js?body=1" for 127.0.0.1 at 2014-11-02 11:27:13 +0000


Started GET "/todo_lists/1" for 127.0.0.1 at 2014-11-02 11:27:15 +0000
Processing by TodoListsController#show as HTML
  Parameters: {"id"=>"1"}
  [1m[35mTodoList Load (0.2ms)[0m  SELECT  "todo_lists".* FROM "todo_lists"  WHERE "todo_lists"."id" = ? LIMIT 1  [["id", 1]]
  [1m[36mTodoItem Load (0.3ms)[0m  [1mSELECT "todo_items".* FROM "todo_items"  WHERE "todo_items"."todo_list_id" = ?[0m  [["todo_list_id", 1]]
  Rendered collection (0.0ms)
  Rendered todo_items/_form.html.erb (10.2ms)
  Rendered todo_lists/show.html.erb within layouts/application (67.4ms)
Completed 200 OK in 116ms (Views: 113.2ms | ActiveRecord: 0.8ms)


Started GET "/todo_lists/1/edit" for 127.0.0.1 at 2014-11-02 11:27:20 +0000
Processing by TodoListsController#edit as HTML
  Parameters: {"id"=>"1"}
  [1m[35mTodoList Load (0.1ms)[0m  SELECT  "todo_lists".* FROM "todo_lists"  WHERE "todo_lists"."id" = ? LIMIT 1  [["id", 1]]
  Rendered todo_lists/_form.html.erb (2.1ms)
  Rendered todo_lists/edit.html.erb within layouts/application (3.5ms)
Completed 200 OK in 46ms (Views: 44.6ms | ActiveRecord: 0.1ms)


Started GET "/todo_lists" for 127.0.0.1 at 2014-11-02 11:27:22 +0000
Processing by TodoListsController#index as HTML
  [1m[36mTodoList Load (0.2ms)[0m  [1mSELECT "todo_lists".* FROM "todo_lists"[0m
  Rendered todo_lists/index.html.erb within layouts/application (2.2ms)
Completed 200 OK in 48ms (Views: 47.2ms | ActiveRecord: 0.2ms)


Started GET "/" for 127.0.0.1 at 2014-11-02 17:41:37 +0000
  [1m[36mActiveRecord::SchemaMigration Load (0.5ms)[0m  [1mSELECT "schema_migrations".* FROM "schema_migrations"[0m
Processing by TodoListsController#index as HTML
  [1m[35mTodoList Load (0.5ms)[0m  SELECT "todo_lists".* FROM "todo_lists"
  Rendered todo_lists/index.html.erb within layouts/application (9.0ms)
Completed 200 OK in 158ms (Views: 135.8ms | ActiveRecord: 0.8ms)


Started GET "/assets/scaffolds.css?body=1" for 127.0.0.1 at 2014-11-02 17:41:38 +0000


Started GET "/assets/todo_items.css?body=1" for 127.0.0.1 at 2014-11-02 17:41:38 +0000


Started GET "/assets/todo_lists.css?body=1" for 127.0.0.1 at 2014-11-02 17:41:38 +0000


Started GET "/assets/jquery_ujs.js?body=1" for 127.0.0.1 at 2014-11-02 17:41:38 +0000


Started GET "/assets/application.css?body=1" for 127.0.0.1 at 2014-11-02 17:41:38 +0000


Started GET "/assets/jquery.js?body=1" for 127.0.0.1 at 2014-11-02 17:41:38 +0000


Started GET "/assets/turbolinks.js?body=1" for 127.0.0.1 at 2014-11-02 17:41:38 +0000


Started GET "/assets/todo_items.js?body=1" for 127.0.0.1 at 2014-11-02 17:41:38 +0000


Started GET "/assets/todo_lists.js?body=1" for 127.0.0.1 at 2014-11-02 17:41:38 +0000


Started GET "/assets/application.js?body=1" for 127.0.0.1 at 2014-11-02 17:41:38 +0000


Started GET "/todo_lists/1" for 127.0.0.1 at 2014-11-02 17:41:46 +0000
Processing by TodoListsController#show as HTML
  Parameters: {"id"=>"1"}
  [1m[36mTodoList Load (0.2ms)[0m  [1mSELECT  "todo_lists".* FROM "todo_lists"  WHERE "todo_lists"."id" = ? LIMIT 1[0m  [["id", 1]]
  [1m[35mTodoItem Load (0.6ms)[0m  SELECT "todo_items".* FROM "todo_items"  WHERE "todo_items"."todo_list_id" = ?  [["todo_list_id", 1]]
  Rendered collection (0.0ms)
  Rendered todo_items/_form.html.erb (21.1ms)
  Rendered todo_lists/show.html.erb within layouts/application (40.7ms)
Completed 200 OK in 116ms (Views: 112.3ms | ActiveRecord: 1.1ms)


Started GET "/todo_lists/1/edit" for 127.0.0.1 at 2014-11-02 17:41:50 +0000
Processing by TodoListsController#edit as HTML
  Parameters: {"id"=>"1"}
  [1m[36mTodoList Load (0.1ms)[0m  [1mSELECT  "todo_lists".* FROM "todo_lists"  WHERE "todo_lists"."id" = ? LIMIT 1[0m  [["id", 1]]
  Rendered todo_lists/_form.html.erb (5.1ms)
  Rendered todo_lists/edit.html.erb within layouts/application (7.1ms)
Completed 200 OK in 48ms (Views: 46.3ms | ActiveRecord: 0.1ms)


Started GET "/todo_lists" for 127.0.0.1 at 2014-11-02 17:41:54 +0000
Processing by TodoListsController#index as HTML
  [1m[35mTodoList Load (0.2ms)[0m  SELECT "todo_lists".* FROM "todo_lists"
  Rendered todo_lists/index.html.erb within layouts/application (2.2ms)
Completed 200 OK in 42ms (Views: 41.1ms | ActiveRecord: 0.2ms)


Started GET "/todo_lists/new" for 127.0.0.1 at 2014-11-02 17:49:49 +0000
Processing by TodoListsController#new as HTML
  Rendered todo_lists/_form.html.erb (1.7ms)
  Rendered todo_lists/new.html.erb within layouts/application (2.8ms)
Completed 200 OK in 45ms (Views: 44.7ms | ActiveRecord: 0.0ms)


Started GET "/todo_lists/1" for 127.0.0.1 at 2014-11-02 17:49:52 +0000
Processing by TodoListsController#show as HTML
  Parameters: {"id"=>"1"}
  [1m[36mTodoList Load (0.1ms)[0m  [1mSELECT  "todo_lists".* FROM "todo_lists"  WHERE "todo_lists"."id" = ? LIMIT 1[0m  [["id", 1]]
  [1m[35mTodoItem Load (0.1ms)[0m  SELECT "todo_items".* FROM "todo_items"  WHERE "todo_items"."todo_list_id" = ?  [["todo_list_id", 1]]
  Rendered collection (0.0ms)
  Rendered todo_items/_form.html.erb (1.6ms)
  Rendered todo_lists/show.html.erb within layouts/application (3.3ms)
Completed 200 OK in 93ms (Views: 91.1ms | ActiveRecord: 0.2ms)


Started POST "/todo_lists/1/todo_items" for 127.0.0.1 at 2014-11-02 17:49:54 +0000
Processing by TodoItemsController#create as HTML
  Parameters: {"utf8"=>"✓", "authenticity_token"=>"ytgpMEVYuSkIeqZV/zOYUZTm2rA5MiKAF8AOfcMm1Uo=", "todo_item"=>{"content"=>"wow"}, "commit"=>"Create Todo item", "todo_list_id"=>"1"}
  [1m[36mTodoList Load (0.1ms)[0m  [1mSELECT  "todo_lists".* FROM "todo_lists"  WHERE "todo_lists"."id" = ? LIMIT 1[0m  [["id", 1]]
  [1m[35m (0.1ms)[0m  begin transaction
  [1m[36mSQL (1.1ms)[0m  [1mINSERT INTO "todo_items" ("content", "created_at", "todo_list_id", "updated_at") VALUES (?, ?, ?, ?)[0m  [["content", "wow"], ["created_at", "2014-11-02 17:49:54.555894"], ["todo_list_id", 1], ["updated_at", "2014-11-02 17:49:54.555894"]]
  [1m[35m (0.8ms)[0m  commit transaction
Redirected to http://localhost:3001/todo_lists/1
Completed 302 Found in 7ms (ActiveRecord: 2.1ms)


Started GET "/todo_lists/1" for 127.0.0.1 at 2014-11-02 17:49:54 +0000
Processing by TodoListsController#show as HTML
  Parameters: {"id"=>"1"}
  [1m[36mTodoList Load (0.2ms)[0m  [1mSELECT  "todo_lists".* FROM "todo_lists"  WHERE "todo_lists"."id" = ? LIMIT 1[0m  [["id", 1]]
  [1m[35mTodoItem Load (0.1ms)[0m  SELECT "todo_items".* FROM "todo_items"  WHERE "todo_items"."todo_list_id" = ?  [["todo_list_id", 1]]
  Rendered todo_items/_todo_item.html.erb (0.4ms)
  Rendered todo_items/_form.html.erb (2.5ms)
  Rendered todo_lists/show.html.erb within layouts/application (6.5ms)
Completed 200 OK in 48ms (Views: 46.6ms | ActiveRecord: 0.3ms)


Started GET "/assets/todo_items.css?body=1" for 127.0.0.1 at 2014-11-02 17:49:54 +0000


Started GET "/assets/jquery_ujs.js?body=1" for 127.0.0.1 at 2014-11-02 17:49:54 +0000


Started GET "/assets/scaffolds.css?body=1" for 127.0.0.1 at 2014-11-02 17:49:54 +0000


Started GET "/assets/turbolinks.js?body=1" for 127.0.0.1 at 2014-11-02 17:49:54 +0000


Started GET "/assets/jquery.js?body=1" for 127.0.0.1 at 2014-11-02 17:49:54 +0000


Started GET "/assets/todo_lists.css?body=1" for 127.0.0.1 at 2014-11-02 17:49:54 +0000


Started GET "/assets/application.css?body=1" for 127.0.0.1 at 2014-11-02 17:49:54 +0000


Started GET "/assets/todo_items.js?body=1" for 127.0.0.1 at 2014-11-02 17:49:54 +0000


Started GET "/assets/todo_lists.js?body=1" for 127.0.0.1 at 2014-11-02 17:49:54 +0000


Started GET "/assets/application.js?body=1" for 127.0.0.1 at 2014-11-02 17:49:54 +0000


Started GET "/todo_lists/1" for 127.0.0.1 at 2014-11-02 17:52:15 +0000
Processing by TodoListsController#show as HTML
  Parameters: {"id"=>"1"}
  [1m[36mTodoList Load (0.1ms)[0m  [1mSELECT  "todo_lists".* FROM "todo_lists"  WHERE "todo_lists"."id" = ? LIMIT 1[0m  [["id", 1]]
  [1m[35mTodoItem Load (0.1ms)[0m  SELECT "todo_items".* FROM "todo_items"  WHERE "todo_items"."todo_list_id" = ?  [["todo_list_id", 1]]
  Rendered todo_items/_todo_item.html.erb (0.6ms)
  Rendered todo_lists/show.html.erb within layouts/application (2.7ms)
Completed 500 Internal Server Error in 5ms

SyntaxError (/Users/tajdid/Documents/GitHub/todolist/app/views/todo_items/_todo_item.html.erb:3: syntax error, unexpected tIDENTIFIER, expecting ')'
...elete" todo_list_todo_item_path(@todo_list, todo_item.id), m...
...                               ^
/Users/tajdid/Documents/GitHub/todolist/app/views/todo_items/_todo_item.html.erb:3: syntax error, unexpected ',', expecting ')'
...path(@todo_list, todo_item.id), method: :delete, data: { con...
...                               ^):
  app/views/todo_items/_todo_item.html.erb:3: syntax error, unexpected tIDENTIFIER, expecting ')'
  app/views/todo_items/_todo_item.html.erb:3: syntax error, unexpected ',', expecting ')'
  app/views/todo_lists/show.html.erb:14:in `_app_views_todo_lists_show_html_erb__4197733513504415403_70356048959380'


  Rendered /Library/Ruby/Gems/2.0.0/gems/actionpack-4.1.6/lib/action_dispatch/middleware/templates/rescues/_source.erb (0.7ms)
  Rendered /Library/Ruby/Gems/2.0.0/gems/actionpack-4.1.6/lib/action_dispatch/middleware/templates/rescues/_trace.html.erb (1.4ms)
  Rendered /Library/Ruby/Gems/2.0.0/gems/actionpack-4.1.6/lib/action_dispatch/middleware/templates/rescues/_request_and_response.html.erb (0.9ms)
  Rendered /Library/Ruby/Gems/2.0.0/gems/actionpack-4.1.6/lib/action_dispatch/middleware/templates/rescues/diagnostics.erb within rescues/layout (23.0ms)


Started GET "/todo_lists/1" for 127.0.0.1 at 2014-11-02 17:54:27 +0000
Processing by TodoListsController#show as HTML
  Parameters: {"id"=>"1"}
  [1m[36mTodoList Load (0.1ms)[0m  [1mSELECT  "todo_lists".* FROM "todo_lists"  WHERE "todo_lists"."id" = ? LIMIT 1[0m  [["id", 1]]
  [1m[35mTodoItem Load (0.1ms)[0m  SELECT "todo_items".* FROM "todo_items"  WHERE "todo_items"."todo_list_id" = ?  [["todo_list_id", 1]]
  Rendered todo_items/_todo_item.html.erb (0.6ms)
  Rendered todo_lists/show.html.erb within layouts/application (2.1ms)
Completed 500 Internal Server Error in 5ms

SyntaxError (/Users/tajdid/Documents/GitHub/todolist/app/views/todo_items/_todo_item.html.erb:3: syntax error, unexpected tIDENTIFIER, expecting ')'
...elete" todo_list_todo_item_path(@todo_list, todo_item.id), m...
...                               ^
/Users/tajdid/Documents/GitHub/todolist/app/views/todo_items/_todo_item.html.erb:3: syntax error, unexpected ',', expecting ')'
...path(@todo_list, todo_item.id), method: :delete, data: { con...
...                               ^):
  app/views/todo_items/_todo_item.html.erb:3: syntax error, unexpected tIDENTIFIER, expecting ')'
  app/views/todo_items/_todo_item.html.erb:3: syntax error, unexpected ',', expecting ')'
  app/views/todo_lists/show.html.erb:14:in `_app_views_todo_lists_show_html_erb__4197733513504415403_70356048959380'


  Rendered /Library/Ruby/Gems/2.0.0/gems/actionpack-4.1.6/lib/action_dispatch/middleware/templates/rescues/_source.erb (0.6ms)
  Rendered /Library/Ruby/Gems/2.0.0/gems/actionpack-4.1.6/lib/action_dispatch/middleware/templates/rescues/_trace.html.erb (41.4ms)
  Rendered /Library/Ruby/Gems/2.0.0/gems/actionpack-4.1.6/lib/action_dispatch/middleware/templates/rescues/_request_and_response.html.erb (0.9ms)
  Rendered /Library/Ruby/Gems/2.0.0/gems/actionpack-4.1.6/lib/action_dispatch/middleware/templates/rescues/diagnostics.erb within rescues/layout (52.5ms)


Started GET "/todo_lists/" for 127.0.0.1 at 2014-11-02 17:54:30 +0000
Processing by TodoListsController#index as HTML
  [1m[36mTodoList Load (0.3ms)[0m  [1mSELECT "todo_lists".* FROM "todo_lists"[0m
  Rendered todo_lists/index.html.erb within layouts/application (2.9ms)
Completed 200 OK in 49ms (Views: 47.3ms | ActiveRecord: 0.3ms)


Started GET "/todo_lists/1" for 127.0.0.1 at 2014-11-02 17:54:32 +0000
Processing by TodoListsController#show as HTML
  Parameters: {"id"=>"1"}
  [1m[35mTodoList Load (0.1ms)[0m  SELECT  "todo_lists".* FROM "todo_lists"  WHERE "todo_lists"."id" = ? LIMIT 1  [["id", 1]]
  [1m[36mTodoItem Load (0.1ms)[0m  [1mSELECT "todo_items".* FROM "todo_items"  WHERE "todo_items"."todo_list_id" = ?[0m  [["todo_list_id", 1]]
  Rendered todo_items/_todo_item.html.erb (0.5ms)
  Rendered todo_lists/show.html.erb within layouts/application (2.7ms)
Completed 500 Internal Server Error in 5ms

SyntaxError (/Users/tajdid/Documents/GitHub/todolist/app/views/todo_items/_todo_item.html.erb:3: syntax error, unexpected tIDENTIFIER, expecting ')'
...elete" todo_list_todo_item_path(@todo_list, todo_item.id), m...
...                               ^
/Users/tajdid/Documents/GitHub/todolist/app/views/todo_items/_todo_item.html.erb:3: syntax error, unexpected ',', expecting ')'
...path(@todo_list, todo_item.id), method: :delete, data: { con...
...                               ^):
  app/views/todo_items/_todo_item.html.erb:3: syntax error, unexpected tIDENTIFIER, expecting ')'
  app/views/todo_items/_todo_item.html.erb:3: syntax error, unexpected ',', expecting ')'
  app/views/todo_lists/show.html.erb:14:in `_app_views_todo_lists_show_html_erb__4197733513504415403_70356041400800'


  Rendered /Library/Ruby/Gems/2.0.0/gems/actionpack-4.1.6/lib/action_dispatch/middleware/templates/rescues/_source.erb (0.6ms)
  Rendered /Library/Ruby/Gems/2.0.0/gems/actionpack-4.1.6/lib/action_dispatch/middleware/templates/rescues/_trace.html.erb (1.3ms)
  Rendered /Library/Ruby/Gems/2.0.0/gems/actionpack-4.1.6/lib/action_dispatch/middleware/templates/rescues/_request_and_response.html.erb (0.8ms)
  Rendered /Library/Ruby/Gems/2.0.0/gems/actionpack-4.1.6/lib/action_dispatch/middleware/templates/rescues/diagnostics.erb within rescues/layout (14.2ms)


Started GET "/todo_lists/1" for 127.0.0.1 at 2014-11-02 17:54:32 +0000
Processing by TodoListsController#show as HTML
  Parameters: {"id"=>"1"}
  [1m[35mTodoList Load (0.1ms)[0m  SELECT  "todo_lists".* FROM "todo_lists"  WHERE "todo_lists"."id" = ? LIMIT 1  [["id", 1]]
  [1m[36mTodoItem Load (0.1ms)[0m  [1mSELECT "todo_items".* FROM "todo_items"  WHERE "todo_items"."todo_list_id" = ?[0m  [["todo_list_id", 1]]
  Rendered todo_items/_todo_item.html.erb (0.5ms)
  Rendered todo_lists/show.html.erb within layouts/application (2.4ms)
Completed 500 Internal Server Error in 6ms

SyntaxError (/Users/tajdid/Documents/GitHub/todolist/app/views/todo_items/_todo_item.html.erb:3: syntax error, unexpected tIDENTIFIER, expecting ')'
...elete" todo_list_todo_item_path(@todo_list, todo_item.id), m...
...                               ^
/Users/tajdid/Documents/GitHub/todolist/app/views/todo_items/_todo_item.html.erb:3: syntax error, unexpected ',', expecting ')'
...path(@todo_list, todo_item.id), method: :delete, data: { con...
...                               ^):
  app/views/todo_items/_todo_item.html.erb:3: syntax error, unexpected tIDENTIFIER, expecting ')'
  app/views/todo_items/_todo_item.html.erb:3: syntax error, unexpected ',', expecting ')'
  app/views/todo_lists/show.html.erb:14:in `_app_views_todo_lists_show_html_erb__4197733513504415403_70356048959380'


  Rendered /Library/Ruby/Gems/2.0.0/gems/actionpack-4.1.6/lib/action_dispatch/middleware/templates/rescues/_source.erb (0.6ms)
  Rendered /Library/Ruby/Gems/2.0.0/gems/actionpack-4.1.6/lib/action_dispatch/middleware/templates/rescues/_trace.html.erb (1.2ms)
  Rendered /Library/Ruby/Gems/2.0.0/gems/actionpack-4.1.6/lib/action_dispatch/middleware/templates/rescues/_request_and_response.html.erb (0.7ms)
  Rendered /Library/Ruby/Gems/2.0.0/gems/actionpack-4.1.6/lib/action_dispatch/middleware/templates/rescues/diagnostics.erb within rescues/layout (12.7ms)


Started GET "/todo_lists/1" for 127.0.0.1 at 2014-11-02 17:58:19 +0000
Processing by TodoListsController#show as HTML
  Parameters: {"id"=>"1"}
  [1m[35mTodoList Load (0.1ms)[0m  SELECT  "todo_lists".* FROM "todo_lists"  WHERE "todo_lists"."id" = ? LIMIT 1  [["id", 1]]
  [1m[36mTodoItem Load (0.1ms)[0m  [1mSELECT "todo_items".* FROM "todo_items"  WHERE "todo_items"."todo_list_id" = ?[0m  [["todo_list_id", 1]]
  Rendered todo_items/_todo_item.html.erb (0.6ms)
  Rendered todo_lists/show.html.erb within layouts/application (2.3ms)
Completed 500 Internal Server Error in 5ms

SyntaxError (/Users/tajdid/Documents/GitHub/todolist/app/views/todo_items/_todo_item.html.erb:3: syntax error, unexpected tIDENTIFIER, expecting ')'
...elete" todo_list_todo_item_path(@todo_list, todo_item.id), m...
...                               ^
/Users/tajdid/Documents/GitHub/todolist/app/views/todo_items/_todo_item.html.erb:3: syntax error, unexpected ',', expecting ')'
...path(@todo_list, todo_item.id), method: :delete, data: { con...
...                               ^):
  app/views/todo_items/_todo_item.html.erb:3: syntax error, unexpected tIDENTIFIER, expecting ')'
  app/views/todo_items/_todo_item.html.erb:3: syntax error, unexpected ',', expecting ')'
  app/views/todo_lists/show.html.erb:14:in `_app_views_todo_lists_show_html_erb__4197733513504415403_70356048959380'


  Rendered /Library/Ruby/Gems/2.0.0/gems/actionpack-4.1.6/lib/action_dispatch/middleware/templates/rescues/_source.erb (0.5ms)
  Rendered /Library/Ruby/Gems/2.0.0/gems/actionpack-4.1.6/lib/action_dispatch/middleware/templates/rescues/_trace.html.erb (1.1ms)
  Rendered /Library/Ruby/Gems/2.0.0/gems/actionpack-4.1.6/lib/action_dispatch/middleware/templates/rescues/_request_and_response.html.erb (0.7ms)
  Rendered /Library/Ruby/Gems/2.0.0/gems/actionpack-4.1.6/lib/action_dispatch/middleware/templates/rescues/diagnostics.erb within rescues/layout (13.1ms)


Started GET "/todo_lists/1" for 127.0.0.1 at 2014-11-02 17:58:20 +0000
Processing by TodoListsController#show as HTML
  Parameters: {"id"=>"1"}
  [1m[35mTodoList Load (0.1ms)[0m  SELECT  "todo_lists".* FROM "todo_lists"  WHERE "todo_lists"."id" = ? LIMIT 1  [["id", 1]]
  [1m[36mTodoItem Load (0.2ms)[0m  [1mSELECT "todo_items".* FROM "todo_items"  WHERE "todo_items"."todo_list_id" = ?[0m  [["todo_list_id", 1]]
  Rendered todo_items/_todo_item.html.erb (0.5ms)
  Rendered todo_lists/show.html.erb within layouts/application (3.8ms)
Completed 500 Internal Server Error in 7ms

SyntaxError (/Users/tajdid/Documents/GitHub/todolist/app/views/todo_items/_todo_item.html.erb:3: syntax error, unexpected tIDENTIFIER, expecting ')'
...elete" todo_list_todo_item_path(@todo_list, todo_item.id), m...
...                               ^
/Users/tajdid/Documents/GitHub/todolist/app/views/todo_items/_todo_item.html.erb:3: syntax error, unexpected ',', expecting ')'
...path(@todo_list, todo_item.id), method: :delete, data: { con...
...                               ^):
  app/views/todo_items/_todo_item.html.erb:3: syntax error, unexpected tIDENTIFIER, expecting ')'
  app/views/todo_items/_todo_item.html.erb:3: syntax error, unexpected ',', expecting ')'
  app/views/todo_lists/show.html.erb:14:in `_app_views_todo_lists_show_html_erb__4197733513504415403_70356048959380'


  Rendered /Library/Ruby/Gems/2.0.0/gems/actionpack-4.1.6/lib/action_dispatch/middleware/templates/rescues/_source.erb (0.6ms)
  Rendered /Library/Ruby/Gems/2.0.0/gems/actionpack-4.1.6/lib/action_dispatch/middleware/templates/rescues/_trace.html.erb (1.8ms)
  Rendered /Library/Ruby/Gems/2.0.0/gems/actionpack-4.1.6/lib/action_dispatch/middleware/templates/rescues/_request_and_response.html.erb (0.8ms)
  Rendered /Library/Ruby/Gems/2.0.0/gems/actionpack-4.1.6/lib/action_dispatch/middleware/templates/rescues/diagnostics.erb within rescues/layout (14.3ms)


Started GET "/todo_lists/1" for 127.0.0.1 at 2014-11-02 17:59:40 +0000
Processing by TodoListsController#show as HTML
  Parameters: {"id"=>"1"}
  [1m[35mTodoList Load (0.1ms)[0m  SELECT  "todo_lists".* FROM "todo_lists"  WHERE "todo_lists"."id" = ? LIMIT 1  [["id", 1]]
  [1m[36mTodoItem Load (0.1ms)[0m  [1mSELECT "todo_items".* FROM "todo_items"  WHERE "todo_items"."todo_list_id" = ?[0m  [["todo_list_id", 1]]
  Rendered todo_items/_todo_item.html.erb (0.5ms)
  Rendered todo_items/_form.html.erb (2.9ms)
  Rendered todo_lists/show.html.erb within layouts/application (6.2ms)
Completed 200 OK in 90ms (Views: 88.7ms | ActiveRecord: 0.2ms)


Started GET "/assets/todo_items.css?body=1" for 127.0.0.1 at 2014-11-02 17:59:40 +0000


Started GET "/assets/scaffolds.css?body=1" for 127.0.0.1 at 2014-11-02 17:59:40 +0000


Started GET "/assets/todo_lists.css?body=1" for 127.0.0.1 at 2014-11-02 17:59:40 +0000


Started GET "/assets/application.css?body=1" for 127.0.0.1 at 2014-11-02 17:59:40 +0000


Started GET "/assets/jquery.js?body=1" for 127.0.0.1 at 2014-11-02 17:59:40 +0000


Started GET "/assets/turbolinks.js?body=1" for 127.0.0.1 at 2014-11-02 17:59:40 +0000


Started GET "/assets/todo_lists.js?body=1" for 127.0.0.1 at 2014-11-02 17:59:40 +0000


Started GET "/assets/todo_items.js?body=1" for 127.0.0.1 at 2014-11-02 17:59:40 +0000


Started GET "/assets/jquery_ujs.js?body=1" for 127.0.0.1 at 2014-11-02 17:59:40 +0000


Started GET "/assets/application.js?body=1" for 127.0.0.1 at 2014-11-02 17:59:40 +0000


Started GET "/todo_lists/1" for 127.0.0.1 at 2014-11-02 17:59:50 +0000
Processing by TodoListsController#show as HTML
  Parameters: {"id"=>"1"}
  [1m[35mTodoList Load (0.1ms)[0m  SELECT  "todo_lists".* FROM "todo_lists"  WHERE "todo_lists"."id" = ? LIMIT 1  [["id", 1]]
  [1m[36mTodoItem Load (0.1ms)[0m  [1mSELECT "todo_items".* FROM "todo_items"  WHERE "todo_items"."todo_list_id" = ?[0m  [["todo_list_id", 1]]
  Rendered todo_items/_todo_item.html.erb (0.6ms)
  Rendered todo_lists/show.html.erb within layouts/application (2.6ms)
Completed 500 Internal Server Error in 6ms

SyntaxError (/Users/tajdid/Documents/GitHub/todolist/app/views/todo_items/_todo_item.html.erb:3: syntax error, unexpected tIDENTIFIER, expecting ')'
...elete" todo_list_todo_item_path(@todo_list, todo_item.id), m...
...                               ^
/Users/tajdid/Documents/GitHub/todolist/app/views/todo_items/_todo_item.html.erb:3: syntax error, unexpected ',', expecting ')'
...path(@todo_list, todo_item.id), method: :delete, data: { con...
...                               ^):
  app/views/todo_items/_todo_item.html.erb:3: syntax error, unexpected tIDENTIFIER, expecting ')'
  app/views/todo_items/_todo_item.html.erb:3: syntax error, unexpected ',', expecting ')'
  app/views/todo_lists/show.html.erb:14:in `_app_views_todo_lists_show_html_erb__4197733513504415403_70356048959380'


  Rendered /Library/Ruby/Gems/2.0.0/gems/actionpack-4.1.6/lib/action_dispatch/middleware/templates/rescues/_source.erb (0.6ms)
  Rendered /Library/Ruby/Gems/2.0.0/gems/actionpack-4.1.6/lib/action_dispatch/middleware/templates/rescues/_trace.html.erb (1.5ms)
  Rendered /Library/Ruby/Gems/2.0.0/gems/actionpack-4.1.6/lib/action_dispatch/middleware/templates/rescues/_request_and_response.html.erb (0.8ms)
  Rendered /Library/Ruby/Gems/2.0.0/gems/actionpack-4.1.6/lib/action_dispatch/middleware/templates/rescues/diagnostics.erb within rescues/layout (13.6ms)


Started GET "/todo_lists/1" for 127.0.0.1 at 2014-11-02 18:00:35 +0000
Processing by TodoListsController#show as HTML
  Parameters: {"id"=>"1"}
  [1m[35mTodoList Load (0.1ms)[0m  SELECT  "todo_lists".* FROM "todo_lists"  WHERE "todo_lists"."id" = ? LIMIT 1  [["id", 1]]
  [1m[36mTodoItem Load (0.1ms)[0m  [1mSELECT "todo_items".* FROM "todo_items"  WHERE "todo_items"."todo_list_id" = ?[0m  [["todo_list_id", 1]]
  Rendered todo_items/_todo_item.html.erb (0.5ms)
  Rendered todo_lists/show.html.erb within layouts/application (2.4ms)
Completed 500 Internal Server Error in 5ms

SyntaxError (/Users/tajdid/Documents/GitHub/todolist/app/views/todo_items/_todo_item.html.erb:3: syntax error, unexpected tIDENTIFIER, expecting ')'
...elete" todo_list_todo_item_path(@todo_list), method: :delete...
...                               ^
/Users/tajdid/Documents/GitHub/todolist/app/views/todo_items/_todo_item.html.erb:3: syntax error, unexpected ',', expecting ')'
...ist_todo_item_path(@todo_list), method: :delete, data: { con...
...                               ^):
  app/views/todo_items/_todo_item.html.erb:3: syntax error, unexpected tIDENTIFIER, expecting ')'
  app/views/todo_items/_todo_item.html.erb:3: syntax error, unexpected ',', expecting ')'
  app/views/todo_lists/show.html.erb:14:in `_app_views_todo_lists_show_html_erb__4197733513504415403_70356048959380'


  Rendered /Library/Ruby/Gems/2.0.0/gems/actionpack-4.1.6/lib/action_dispatch/middleware/templates/rescues/_source.erb (1.0ms)
  Rendered /Library/Ruby/Gems/2.0.0/gems/actionpack-4.1.6/lib/action_dispatch/middleware/templates/rescues/_trace.html.erb (1.7ms)
  Rendered /Library/Ruby/Gems/2.0.0/gems/actionpack-4.1.6/lib/action_dispatch/middleware/templates/rescues/_request_and_response.html.erb (0.9ms)
  Rendered /Library/Ruby/Gems/2.0.0/gems/actionpack-4.1.6/lib/action_dispatch/middleware/templates/rescues/diagnostics.erb within rescues/layout (15.6ms)


Started GET "/todo_lists/1" for 127.0.0.1 at 2014-11-02 18:00:47 +0000
Processing by TodoListsController#show as HTML
  Parameters: {"id"=>"1"}
  [1m[35mTodoList Load (0.1ms)[0m  SELECT  "todo_lists".* FROM "todo_lists"  WHERE "todo_lists"."id" = ? LIMIT 1  [["id", 1]]
  [1m[36mTodoItem Load (0.1ms)[0m  [1mSELECT "todo_items".* FROM "todo_items"  WHERE "todo_items"."todo_list_id" = ?[0m  [["todo_list_id", 1]]
  Rendered todo_items/_todo_item.html.erb (0.6ms)
  Rendered todo_lists/show.html.erb within layouts/application (2.5ms)
Completed 500 Internal Server Error in 6ms

SyntaxError (/Users/tajdid/Documents/GitHub/todolist/app/views/todo_items/_todo_item.html.erb:3: syntax error, unexpected tIDENTIFIER, expecting ')'
...elete" todo_list_todo_item_path(@todo_list, todo_item.id), m...
...                               ^
/Users/tajdid/Documents/GitHub/todolist/app/views/todo_items/_todo_item.html.erb:3: syntax error, unexpected ',', expecting ')'
...path(@todo_list, todo_item.id), method: :delete, data: { con...
...                               ^):
  app/views/todo_items/_todo_item.html.erb:3: syntax error, unexpected tIDENTIFIER, expecting ')'
  app/views/todo_items/_todo_item.html.erb:3: syntax error, unexpected ',', expecting ')'
  app/views/todo_lists/show.html.erb:14:in `_app_views_todo_lists_show_html_erb__4197733513504415403_70356048959380'


  Rendered /Library/Ruby/Gems/2.0.0/gems/actionpack-4.1.6/lib/action_dispatch/middleware/templates/rescues/_source.erb (0.6ms)
  Rendered /Library/Ruby/Gems/2.0.0/gems/actionpack-4.1.6/lib/action_dispatch/middleware/templates/rescues/_trace.html.erb (1.4ms)
  Rendered /Library/Ruby/Gems/2.0.0/gems/actionpack-4.1.6/lib/action_dispatch/middleware/templates/rescues/_request_and_response.html.erb (1.1ms)
  Rendered /Library/Ruby/Gems/2.0.0/gems/actionpack-4.1.6/lib/action_dispatch/middleware/templates/rescues/diagnostics.erb within rescues/layout (15.5ms)


Started GET "/todo_lists/1" for 127.0.0.1 at 2014-11-02 18:02:04 +0000
Processing by TodoListsController#show as HTML
  Parameters: {"id"=>"1"}
  [1m[35mTodoList Load (0.2ms)[0m  SELECT  "todo_lists".* FROM "todo_lists"  WHERE "todo_lists"."id" = ? LIMIT 1  [["id", 1]]
  [1m[36mTodoItem Load (0.1ms)[0m  [1mSELECT "todo_items".* FROM "todo_items"  WHERE "todo_items"."todo_list_id" = ?[0m  [["todo_list_id", 1]]
  Rendered todo_items/_todo_item.html.erb (0.6ms)
  Rendered todo_lists/show.html.erb within layouts/application (2.4ms)
Completed 500 Internal Server Error in 6ms

SyntaxError (/Users/tajdid/Documents/GitHub/todolist/app/views/todo_items/_todo_item.html.erb:2: syntax error, unexpected tIDENTIFIER, expecting ')'
...elete" todo_list_todo_item_path(@todo_list, todo_item.id), m...
...                               ^
/Users/tajdid/Documents/GitHub/todolist/app/views/todo_items/_todo_item.html.erb:2: syntax error, unexpected ',', expecting ')'
...path(@todo_list, todo_item.id), method: :delete, data: { con...
...                               ^):
  app/views/todo_items/_todo_item.html.erb:2: syntax error, unexpected tIDENTIFIER, expecting ')'
  app/views/todo_items/_todo_item.html.erb:2: syntax error, unexpected ',', expecting ')'
  app/views/todo_lists/show.html.erb:14:in `_app_views_todo_lists_show_html_erb__4197733513504415403_70356048959380'


  Rendered /Library/Ruby/Gems/2.0.0/gems/actionpack-4.1.6/lib/action_dispatch/middleware/templates/rescues/_source.erb (0.6ms)
  Rendered /Library/Ruby/Gems/2.0.0/gems/actionpack-4.1.6/lib/action_dispatch/middleware/templates/rescues/_trace.html.erb (1.2ms)
  Rendered /Library/Ruby/Gems/2.0.0/gems/actionpack-4.1.6/lib/action_dispatch/middleware/templates/rescues/_request_and_response.html.erb (0.7ms)
  Rendered /Library/Ruby/Gems/2.0.0/gems/actionpack-4.1.6/lib/action_dispatch/middleware/templates/rescues/diagnostics.erb within rescues/layout (11.9ms)


Started GET "/todo_lists/1" for 127.0.0.1 at 2014-11-02 18:04:25 +0000
Processing by TodoListsController#show as HTML
  Parameters: {"id"=>"1"}
  [1m[35mTodoList Load (0.1ms)[0m  SELECT  "todo_lists".* FROM "todo_lists"  WHERE "todo_lists"."id" = ? LIMIT 1  [["id", 1]]
  [1m[36mTodoItem Load (0.2ms)[0m  [1mSELECT "todo_items".* FROM "todo_items"  WHERE "todo_items"."todo_list_id" = ?[0m  [["todo_list_id", 1]]
  Rendered todo_items/_todo_item.html.erb (1.3ms)
  Rendered todo_items/_form.html.erb (2.4ms)
  Rendered todo_lists/show.html.erb within layouts/application (7.4ms)
Completed 200 OK in 94ms (Views: 91.9ms | ActiveRecord: 0.3ms)


Started GET "/assets/scaffolds.css?body=1" for 127.0.0.1 at 2014-11-02 18:04:25 +0000


Started GET "/assets/todo_lists.css?body=1" for 127.0.0.1 at 2014-11-02 18:04:25 +0000


Started GET "/assets/application.css?body=1" for 127.0.0.1 at 2014-11-02 18:04:25 +0000


Started GET "/assets/todo_items.css?body=1" for 127.0.0.1 at 2014-11-02 18:04:25 +0000


Started GET "/assets/turbolinks.js?body=1" for 127.0.0.1 at 2014-11-02 18:04:25 +0000


Started GET "/assets/jquery_ujs.js?body=1" for 127.0.0.1 at 2014-11-02 18:04:25 +0000


Started GET "/assets/jquery.js?body=1" for 127.0.0.1 at 2014-11-02 18:04:25 +0000


Started GET "/assets/todo_items.js?body=1" for 127.0.0.1 at 2014-11-02 18:04:25 +0000


Started GET "/assets/todo_lists.js?body=1" for 127.0.0.1 at 2014-11-02 18:04:25 +0000


Started GET "/assets/application.js?body=1" for 127.0.0.1 at 2014-11-02 18:04:25 +0000


Started DELETE "/todo_lists/1/todo_items/1" for 127.0.0.1 at 2014-11-02 18:04:30 +0000

AbstractController::ActionNotFound (The action 'destroy' could not be found for TodoItemsController):
  actionpack (4.1.6) lib/abstract_controller/base.rb:131:in `process'
  actionview (4.1.6) lib/action_view/rendering.rb:30:in `process'
  actionpack (4.1.6) lib/action_controller/metal.rb:196:in `dispatch'
  actionpack (4.1.6) lib/action_controller/metal/rack_delegation.rb:13:in `dispatch'
  actionpack (4.1.6) lib/action_controller/metal.rb:232:in `block in action'
  actionpack (4.1.6) lib/action_dispatch/routing/route_set.rb:82:in `call'
  actionpack (4.1.6) lib/action_dispatch/routing/route_set.rb:82:in `dispatch'
  actionpack (4.1.6) lib/action_dispatch/routing/route_set.rb:50:in `call'
  actionpack (4.1.6) lib/action_dispatch/journey/router.rb:73:in `block in call'
  actionpack (4.1.6) lib/action_dispatch/journey/router.rb:59:in `each'
  actionpack (4.1.6) lib/action_dispatch/journey/router.rb:59:in `call'
  actionpack (4.1.6) lib/action_dispatch/routing/route_set.rb:678:in `call'
  rack (1.5.2) lib/rack/etag.rb:23:in `call'
  rack (1.5.2) lib/rack/conditionalget.rb:35:in `call'
  rack (1.5.2) lib/rack/head.rb:11:in `call'
  actionpack (4.1.6) lib/action_dispatch/middleware/params_parser.rb:27:in `call'
  actionpack (4.1.6) lib/action_dispatch/middleware/flash.rb:254:in `call'
  rack (1.5.2) lib/rack/session/abstract/id.rb:225:in `context'
  rack (1.5.2) lib/rack/session/abstract/id.rb:220:in `call'
  actionpack (4.1.6) lib/action_dispatch/middleware/cookies.rb:560:in `call'
  activerecord (4.1.6) lib/active_record/query_cache.rb:36:in `call'
  activerecord (4.1.6) lib/active_record/connection_adapters/abstract/connection_pool.rb:621:in `call'
  activerecord (4.1.6) lib/active_record/migration.rb:380:in `call'
  actionpack (4.1.6) lib/action_dispatch/middleware/callbacks.rb:29:in `block in call'
  activesupport (4.1.6) lib/active_support/callbacks.rb:82:in `run_callbacks'
  actionpack (4.1.6) lib/action_dispatch/middleware/callbacks.rb:27:in `call'
  actionpack (4.1.6) lib/action_dispatch/middleware/reloader.rb:73:in `call'
  actionpack (4.1.6) lib/action_dispatch/middleware/remote_ip.rb:76:in `call'
  actionpack (4.1.6) lib/action_dispatch/middleware/debug_exceptions.rb:17:in `call'
  actionpack (4.1.6) lib/action_dispatch/middleware/show_exceptions.rb:30:in `call'
  railties (4.1.6) lib/rails/rack/logger.rb:38:in `call_app'
  railties (4.1.6) lib/rails/rack/logger.rb:20:in `block in call'
  activesupport (4.1.6) lib/active_support/tagged_logging.rb:68:in `block in tagged'
  activesupport (4.1.6) lib/active_support/tagged_logging.rb:26:in `tagged'
  activesupport (4.1.6) lib/active_support/tagged_logging.rb:68:in `tagged'
  railties (4.1.6) lib/rails/rack/logger.rb:20:in `call'
  actionpack (4.1.6) lib/action_dispatch/middleware/request_id.rb:21:in `call'
  rack (1.5.2) lib/rack/methodoverride.rb:21:in `call'
  rack (1.5.2) lib/rack/runtime.rb:17:in `call'
  activesupport (4.1.6) lib/active_support/cache/strategy/local_cache_middleware.rb:26:in `call'
  rack (1.5.2) lib/rack/lock.rb:17:in `call'
  actionpack (4.1.6) lib/action_dispatch/middleware/static.rb:64:in `call'
  rack (1.5.2) lib/rack/sendfile.rb:112:in `call'
  railties (4.1.6) lib/rails/engine.rb:514:in `call'
  railties (4.1.6) lib/rails/application.rb:144:in `call'
  rack (1.5.2) lib/rack/lock.rb:17:in `call'
  rack (1.5.2) lib/rack/content_length.rb:14:in `call'
  rack (1.5.2) lib/rack/handler/webrick.rb:60:in `service'
  /System/Library/Frameworks/Ruby.framework/Versions/2.0/usr/lib/ruby/2.0.0/webrick/httpserver.rb:138:in `service'
  /System/Library/Frameworks/Ruby.framework/Versions/2.0/usr/lib/ruby/2.0.0/webrick/httpserver.rb:94:in `run'
  /System/Library/Frameworks/Ruby.framework/Versions/2.0/usr/lib/ruby/2.0.0/webrick/server.rb:295:in `block in start_thread'


  Rendered /Library/Ruby/Gems/2.0.0/gems/actionpack-4.1.6/lib/action_dispatch/middleware/templates/rescues/unknown_action.html.erb within rescues/layout (0.4ms)


Started GET "/todo_lists/1" for 127.0.0.1 at 2014-11-02 18:06:54 +0000
Processing by TodoListsController#show as HTML
  Parameters: {"id"=>"1"}
  [1m[35mTodoList Load (0.1ms)[0m  SELECT  "todo_lists".* FROM "todo_lists"  WHERE "todo_lists"."id" = ? LIMIT 1  [["id", 1]]
  [1m[36mTodoItem Load (0.1ms)[0m  [1mSELECT "todo_items".* FROM "todo_items"  WHERE "todo_items"."todo_list_id" = ?[0m  [["todo_list_id", 1]]
  Rendered todo_items/_todo_item.html.erb (0.4ms)
  Rendered todo_items/_form.html.erb (2.1ms)
  Rendered todo_lists/show.html.erb within layouts/application (10.9ms)
Completed 200 OK in 57ms (Views: 49.2ms | ActiveRecord: 1.0ms)


Started GET "/assets/scaffolds.css?body=1" for 127.0.0.1 at 2014-11-02 18:06:54 +0000


Started GET "/assets/todo_lists.css?body=1" for 127.0.0.1 at 2014-11-02 18:06:54 +0000


Started GET "/assets/todo_items.css?body=1" for 127.0.0.1 at 2014-11-02 18:06:54 +0000


Started GET "/assets/turbolinks.js?body=1" for 127.0.0.1 at 2014-11-02 18:06:54 +0000


Started GET "/assets/application.css?body=1" for 127.0.0.1 at 2014-11-02 18:06:54 +0000


Started GET "/assets/jquery_ujs.js?body=1" for 127.0.0.1 at 2014-11-02 18:06:54 +0000


Started GET "/assets/todo_lists.js?body=1" for 127.0.0.1 at 2014-11-02 18:06:54 +0000


Started GET "/assets/todo_items.js?body=1" for 127.0.0.1 at 2014-11-02 18:06:54 +0000


Started GET "/assets/jquery.js?body=1" for 127.0.0.1 at 2014-11-02 18:06:54 +0000


Started GET "/assets/application.js?body=1" for 127.0.0.1 at 2014-11-02 18:06:54 +0000


Started DELETE "/todo_lists/1/todo_items/1" for 127.0.0.1 at 2014-11-02 18:06:57 +0000
Processing by TodoItemsController#destroy as HTML
  Parameters: {"authenticity_token"=>"ytgpMEVYuSkIeqZV/zOYUZTm2rA5MiKAF8AOfcMm1Uo=", "todo_list_id"=>"1", "id"=>"1"}
  [1m[35mTodoList Load (0.2ms)[0m  SELECT  "todo_lists".* FROM "todo_lists"  WHERE "todo_lists"."id" = ? LIMIT 1  [["id", 1]]
  [1m[36mTodoItem Load (0.3ms)[0m  [1mSELECT  "todo_items".* FROM "todo_items"  WHERE "todo_items"."todo_list_id" = ? AND "todo_items"."id" = ? LIMIT 1[0m  [["todo_list_id", 1], ["id", 1]]
  [1m[35m (0.1ms)[0m  begin transaction
  [1m[36mSQL (0.4ms)[0m  [1mDELETE FROM "todo_items" WHERE "todo_items"."id" = ?[0m  [["id", 1]]
  [1m[35m (2.2ms)[0m  commit transaction
Redirected to http://localhost:3001/todo_lists/1
Completed 302 Found in 9ms (ActiveRecord: 3.3ms)


Started GET "/todo_lists/1" for 127.0.0.1 at 2014-11-02 18:06:57 +0000
Processing by TodoListsController#show as HTML
  Parameters: {"id"=>"1"}
  [1m[36mTodoList Load (0.1ms)[0m  [1mSELECT  "todo_lists".* FROM "todo_lists"  WHERE "todo_lists"."id" = ? LIMIT 1[0m  [["id", 1]]
  [1m[35mTodoItem Load (0.1ms)[0m  SELECT "todo_items".* FROM "todo_items"  WHERE "todo_items"."todo_list_id" = ?  [["todo_list_id", 1]]
  Rendered collection (0.0ms)
  Rendered todo_items/_form.html.erb (1.6ms)
  Rendered todo_lists/show.html.erb within layouts/application (3.1ms)
Completed 200 OK in 43ms (Views: 42.2ms | ActiveRecord: 0.2ms)


Started GET "/assets/todo_items.css?body=1" for 127.0.0.1 at 2014-11-02 18:06:57 +0000


Started GET "/assets/scaffolds.css?body=1" for 127.0.0.1 at 2014-11-02 18:06:57 +0000


Started GET "/assets/jquery_ujs.js?body=1" for 127.0.0.1 at 2014-11-02 18:06:57 +0000


Started GET "/assets/jquery.js?body=1" for 127.0.0.1 at 2014-11-02 18:06:57 +0000


Started GET "/assets/todo_lists.css?body=1" for 127.0.0.1 at 2014-11-02 18:06:57 +0000


Started GET "/assets/application.css?body=1" for 127.0.0.1 at 2014-11-02 18:06:57 +0000


Started GET "/assets/todo_items.js?body=1" for 127.0.0.1 at 2014-11-02 18:06:57 +0000


Started GET "/assets/turbolinks.js?body=1" for 127.0.0.1 at 2014-11-02 18:06:57 +0000


Started GET "/assets/todo_lists.js?body=1" for 127.0.0.1 at 2014-11-02 18:06:57 +0000


Started GET "/assets/application.js?body=1" for 127.0.0.1 at 2014-11-02 18:06:57 +0000
  [1m[36mActiveRecord::SchemaMigration Load (0.3ms)[0m  [1mSELECT "schema_migrations".* FROM "schema_migrations"[0m
Migrating to AddCompletedAtToTodoItems (20141102180951)
  [1m[35m (0.3ms)[0m  begin transaction
  [1m[36m (1.4ms)[0m  [1mALTER TABLE "todo_items" ADD "completed_at" datetime[0m
  [1m[35mSQL (0.3ms)[0m  INSERT INTO "schema_migrations" ("version") VALUES (?)  [["version", "20141102180951"]]
  [1m[36m (0.9ms)[0m  [1mcommit transaction[0m
  [1m[35mActiveRecord::SchemaMigration Load (0.4ms)[0m  SELECT "schema_migrations".* FROM "schema_migrations"
  [1m[36m (0.1ms)[0m  [1m            SELECT sql
            FROM sqlite_master
            WHERE name='index_todo_items_on_todo_list_id' AND type='index'
            UNION ALL
            SELECT sql
            FROM sqlite_temp_master
            WHERE name='index_todo_items_on_todo_list_id' AND type='index'
[0m


Started GET "/" for 127.0.0.1 at 2014-11-02 18:16:56 +0000
  [1m[36mActiveRecord::SchemaMigration Load (0.1ms)[0m  [1mSELECT "schema_migrations".* FROM "schema_migrations"[0m
Processing by TodoListsController#index as HTML
  [1m[35mTodoList Load (0.2ms)[0m  SELECT "todo_lists".* FROM "todo_lists"
  Rendered todo_lists/index.html.erb within layouts/application (4.6ms)
Completed 200 OK in 47ms (Views: 43.7ms | ActiveRecord: 0.4ms)


Started GET "/assets/scaffolds.css?body=1" for 127.0.0.1 at 2014-11-02 18:16:56 +0000


Started GET "/assets/todo_items.css?body=1" for 127.0.0.1 at 2014-11-02 18:16:56 +0000


Started GET "/assets/jquery.js?body=1" for 127.0.0.1 at 2014-11-02 18:16:56 +0000


Started GET "/assets/todo_lists.css?body=1" for 127.0.0.1 at 2014-11-02 18:16:56 +0000


Started GET "/assets/application.css?body=1" for 127.0.0.1 at 2014-11-02 18:16:56 +0000


Started GET "/assets/jquery_ujs.js?body=1" for 127.0.0.1 at 2014-11-02 18:16:56 +0000


Started GET "/assets/turbolinks.js?body=1" for 127.0.0.1 at 2014-11-02 18:16:56 +0000


Started GET "/assets/todo_lists.js?body=1" for 127.0.0.1 at 2014-11-02 18:16:56 +0000


Started GET "/assets/todo_items.js?body=1" for 127.0.0.1 at 2014-11-02 18:16:56 +0000


Started GET "/assets/application.js?body=1" for 127.0.0.1 at 2014-11-02 18:16:56 +0000


Started GET "/todo_lists/1" for 127.0.0.1 at 2014-11-02 18:16:58 +0000
Processing by TodoListsController#show as HTML
  Parameters: {"id"=>"1"}
  [1m[36mTodoList Load (0.2ms)[0m  [1mSELECT  "todo_lists".* FROM "todo_lists"  WHERE "todo_lists"."id" = ? LIMIT 1[0m  [["id", 1]]
  [1m[35mTodoItem Load (0.1ms)[0m  SELECT "todo_items".* FROM "todo_items"  WHERE "todo_items"."todo_list_id" = ?  [["todo_list_id", 1]]
  Rendered collection (0.0ms)
  Rendered todo_items/_form.html.erb (49.2ms)
  Rendered todo_lists/show.html.erb within layouts/application (54.1ms)
Completed 200 OK in 99ms (Views: 97.4ms | ActiveRecord: 0.6ms)


Started GET "/todo_lists/1/edit" for 127.0.0.1 at 2014-11-02 18:17:01 +0000
Processing by TodoListsController#edit as HTML
  Parameters: {"id"=>"1"}
  [1m[36mTodoList Load (0.1ms)[0m  [1mSELECT  "todo_lists".* FROM "todo_lists"  WHERE "todo_lists"."id" = ? LIMIT 1[0m  [["id", 1]]
  Rendered todo_lists/_form.html.erb (1.8ms)
  Rendered todo_lists/edit.html.erb within layouts/application (2.9ms)
Completed 200 OK in 48ms (Views: 46.2ms | ActiveRecord: 0.1ms)


Started GET "/todo_lists" for 127.0.0.1 at 2014-11-02 18:17:02 +0000
Processing by TodoListsController#index as HTML
  [1m[35mTodoList Load (0.2ms)[0m  SELECT "todo_lists".* FROM "todo_lists"
  Rendered todo_lists/index.html.erb within layouts/application (1.3ms)
Completed 200 OK in 40ms (Views: 38.8ms | ActiveRecord: 0.2ms)


Started GET "/todo_lists/1" for 127.0.0.1 at 2014-11-02 18:17:04 +0000
Processing by TodoListsController#show as HTML
  Parameters: {"id"=>"1"}
  [1m[36mTodoList Load (0.1ms)[0m  [1mSELECT  "todo_lists".* FROM "todo_lists"  WHERE "todo_lists"."id" = ? LIMIT 1[0m  [["id", 1]]
  [1m[35mTodoItem Load (0.1ms)[0m  SELECT "todo_items".* FROM "todo_items"  WHERE "todo_items"."todo_list_id" = ?  [["todo_list_id", 1]]
  Rendered collection (0.0ms)
  Rendered todo_items/_form.html.erb (1.5ms)
  Rendered todo_lists/show.html.erb within layouts/application (3.4ms)
Completed 200 OK in 90ms (Views: 88.6ms | ActiveRecord: 0.2ms)


Started POST "/todo_lists/1/todo_items" for 127.0.0.1 at 2014-11-02 18:17:21 +0000
Processing by TodoItemsController#create as HTML
  Parameters: {"utf8"=>"✓", "authenticity_token"=>"ytgpMEVYuSkIeqZV/zOYUZTm2rA5MiKAF8AOfcMm1Uo=", "todo_item"=>{"content"=>"Eat shit"}, "commit"=>"Create Todo item", "todo_list_id"=>"1"}
  [1m[36mTodoList Load (0.3ms)[0m  [1mSELECT  "todo_lists".* FROM "todo_lists"  WHERE "todo_lists"."id" = ? LIMIT 1[0m  [["id", 1]]
  [1m[35m (0.1ms)[0m  begin transaction
  [1m[36mSQL (0.4ms)[0m  [1mINSERT INTO "todo_items" ("content", "created_at", "todo_list_id", "updated_at") VALUES (?, ?, ?, ?)[0m  [["content", "Eat shit"], ["created_at", "2014-11-02 18:17:21.495861"], ["todo_list_id", 1], ["updated_at", "2014-11-02 18:17:21.495861"]]
  [1m[35m (0.7ms)[0m  commit transaction
Redirected to http://localhost:3001/todo_lists/1
Completed 302 Found in 9ms (ActiveRecord: 1.5ms)


Started GET "/todo_lists/1" for 127.0.0.1 at 2014-11-02 18:17:21 +0000
Processing by TodoListsController#show as HTML
  Parameters: {"id"=>"1"}
  [1m[36mTodoList Load (0.3ms)[0m  [1mSELECT  "todo_lists".* FROM "todo_lists"  WHERE "todo_lists"."id" = ? LIMIT 1[0m  [["id", 1]]
  [1m[35mTodoItem Load (0.1ms)[0m  SELECT "todo_items".* FROM "todo_items"  WHERE "todo_items"."todo_list_id" = ?  [["todo_list_id", 1]]
  Rendered todo_items/_todo_item.html.erb (0.9ms)
  Rendered todo_items/_form.html.erb (1.6ms)
  Rendered todo_lists/show.html.erb within layouts/application (5.1ms)
Completed 200 OK in 47ms (Views: 44.0ms | ActiveRecord: 0.3ms)


Started GET "/assets/scaffolds.css?body=1" for 127.0.0.1 at 2014-11-02 18:17:21 +0000


Started GET "/assets/application.css?body=1" for 127.0.0.1 at 2014-11-02 18:17:21 +0000


Started GET "/assets/jquery_ujs.js?body=1" for 127.0.0.1 at 2014-11-02 18:17:21 +0000


Started GET "/assets/todo_items.css?body=1" for 127.0.0.1 at 2014-11-02 18:17:21 +0000


Started GET "/assets/todo_lists.css?body=1" for 127.0.0.1 at 2014-11-02 18:17:21 +0000


Started GET "/assets/turbolinks.js?body=1" for 127.0.0.1 at 2014-11-02 18:17:21 +0000


Started GET "/assets/jquery.js?body=1" for 127.0.0.1 at 2014-11-02 18:17:21 +0000


Started GET "/assets/todo_items.js?body=1" for 127.0.0.1 at 2014-11-02 18:17:21 +0000


Started GET "/assets/todo_lists.js?body=1" for 127.0.0.1 at 2014-11-02 18:17:21 +0000


Started GET "/assets/application.js?body=1" for 127.0.0.1 at 2014-11-02 18:17:21 +0000


Started PATCH "/todo_lists/1/todo_items/2/complete" for 127.0.0.1 at 2014-11-02 18:17:23 +0000

AbstractController::ActionNotFound (The action 'complete' could not be found for TodoItemsController):
  actionpack (4.1.6) lib/abstract_controller/base.rb:131:in `process'
  actionview (4.1.6) lib/action_view/rendering.rb:30:in `process'
  actionpack (4.1.6) lib/action_controller/metal.rb:196:in `dispatch'
  actionpack (4.1.6) lib/action_controller/metal/rack_delegation.rb:13:in `dispatch'
  actionpack (4.1.6) lib/action_controller/metal.rb:232:in `block in action'
  actionpack (4.1.6) lib/action_dispatch/routing/route_set.rb:82:in `call'
  actionpack (4.1.6) lib/action_dispatch/routing/route_set.rb:82:in `dispatch'
  actionpack (4.1.6) lib/action_dispatch/routing/route_set.rb:50:in `call'
  actionpack (4.1.6) lib/action_dispatch/journey/router.rb:73:in `block in call'
  actionpack (4.1.6) lib/action_dispatch/journey/router.rb:59:in `each'
  actionpack (4.1.6) lib/action_dispatch/journey/router.rb:59:in `call'
  actionpack (4.1.6) lib/action_dispatch/routing/route_set.rb:678:in `call'
  rack (1.5.2) lib/rack/etag.rb:23:in `call'
  rack (1.5.2) lib/rack/conditionalget.rb:35:in `call'
  rack (1.5.2) lib/rack/head.rb:11:in `call'
  actionpack (4.1.6) lib/action_dispatch/middleware/params_parser.rb:27:in `call'
  actionpack (4.1.6) lib/action_dispatch/middleware/flash.rb:254:in `call'
  rack (1.5.2) lib/rack/session/abstract/id.rb:225:in `context'
  rack (1.5.2) lib/rack/session/abstract/id.rb:220:in `call'
  actionpack (4.1.6) lib/action_dispatch/middleware/cookies.rb:560:in `call'
  activerecord (4.1.6) lib/active_record/query_cache.rb:36:in `call'
  activerecord (4.1.6) lib/active_record/connection_adapters/abstract/connection_pool.rb:621:in `call'
  activerecord (4.1.6) lib/active_record/migration.rb:380:in `call'
  actionpack (4.1.6) lib/action_dispatch/middleware/callbacks.rb:29:in `block in call'
  activesupport (4.1.6) lib/active_support/callbacks.rb:82:in `run_callbacks'
  actionpack (4.1.6) lib/action_dispatch/middleware/callbacks.rb:27:in `call'
  actionpack (4.1.6) lib/action_dispatch/middleware/reloader.rb:73:in `call'
  actionpack (4.1.6) lib/action_dispatch/middleware/remote_ip.rb:76:in `call'
  actionpack (4.1.6) lib/action_dispatch/middleware/debug_exceptions.rb:17:in `call'
  actionpack (4.1.6) lib/action_dispatch/middleware/show_exceptions.rb:30:in `call'
  railties (4.1.6) lib/rails/rack/logger.rb:38:in `call_app'
  railties (4.1.6) lib/rails/rack/logger.rb:20:in `block in call'
  activesupport (4.1.6) lib/active_support/tagged_logging.rb:68:in `block in tagged'
  activesupport (4.1.6) lib/active_support/tagged_logging.rb:26:in `tagged'
  activesupport (4.1.6) lib/active_support/tagged_logging.rb:68:in `tagged'
  railties (4.1.6) lib/rails/rack/logger.rb:20:in `call'
  actionpack (4.1.6) lib/action_dispatch/middleware/request_id.rb:21:in `call'
  rack (1.5.2) lib/rack/methodoverride.rb:21:in `call'
  rack (1.5.2) lib/rack/runtime.rb:17:in `call'
  activesupport (4.1.6) lib/active_support/cache/strategy/local_cache_middleware.rb:26:in `call'
  rack (1.5.2) lib/rack/lock.rb:17:in `call'
  actionpack (4.1.6) lib/action_dispatch/middleware/static.rb:64:in `call'
  rack (1.5.2) lib/rack/sendfile.rb:112:in `call'
  railties (4.1.6) lib/rails/engine.rb:514:in `call'
  railties (4.1.6) lib/rails/application.rb:144:in `call'
  rack (1.5.2) lib/rack/lock.rb:17:in `call'
  rack (1.5.2) lib/rack/content_length.rb:14:in `call'
  rack (1.5.2) lib/rack/handler/webrick.rb:60:in `service'
  /System/Library/Frameworks/Ruby.framework/Versions/2.0/usr/lib/ruby/2.0.0/webrick/httpserver.rb:138:in `service'
  /System/Library/Frameworks/Ruby.framework/Versions/2.0/usr/lib/ruby/2.0.0/webrick/httpserver.rb:94:in `run'
  /System/Library/Frameworks/Ruby.framework/Versions/2.0/usr/lib/ruby/2.0.0/webrick/server.rb:295:in `block in start_thread'


  Rendered /Library/Ruby/Gems/2.0.0/gems/actionpack-4.1.6/lib/action_dispatch/middleware/templates/rescues/unknown_action.html.erb within rescues/layout (0.4ms)


Started GET "/todo_lists/1" for 127.0.0.1 at 2014-11-02 18:20:16 +0000
Processing by TodoListsController#show as HTML
  Parameters: {"id"=>"1"}
  [1m[36mTodoList Load (0.1ms)[0m  [1mSELECT  "todo_lists".* FROM "todo_lists"  WHERE "todo_lists"."id" = ? LIMIT 1[0m  [["id", 1]]
  [1m[35mTodoItem Load (0.2ms)[0m  SELECT "todo_items".* FROM "todo_items"  WHERE "todo_items"."todo_list_id" = ?  [["todo_list_id", 1]]
  Rendered todo_items/_todo_item.html.erb (0.7ms)
  Rendered todo_items/_form.html.erb (3.3ms)
  Rendered todo_lists/show.html.erb within layouts/application (15.9ms)
Completed 200 OK in 110ms (Views: 101.8ms | ActiveRecord: 1.1ms)


Started GET "/assets/scaffolds.css?body=1" for 127.0.0.1 at 2014-11-02 18:20:16 +0000


Started GET "/assets/application.css?body=1" for 127.0.0.1 at 2014-11-02 18:20:16 +0000


Started GET "/assets/todo_items.css?body=1" for 127.0.0.1 at 2014-11-02 18:20:16 +0000


Started GET "/assets/todo_lists.css?body=1" for 127.0.0.1 at 2014-11-02 18:20:16 +0000


Started GET "/assets/jquery.js?body=1" for 127.0.0.1 at 2014-11-02 18:20:16 +0000


Started GET "/assets/jquery_ujs.js?body=1" for 127.0.0.1 at 2014-11-02 18:20:16 +0000


Started GET "/assets/turbolinks.js?body=1" for 127.0.0.1 at 2014-11-02 18:20:16 +0000


Started GET "/assets/todo_items.js?body=1" for 127.0.0.1 at 2014-11-02 18:20:16 +0000


Started GET "/assets/application.js?body=1" for 127.0.0.1 at 2014-11-02 18:20:16 +0000


Started GET "/assets/todo_lists.js?body=1" for 127.0.0.1 at 2014-11-02 18:20:16 +0000


Started PATCH "/todo_lists/1/todo_items/2/complete" for 127.0.0.1 at 2014-11-02 18:20:17 +0000
Processing by TodoItemsController#complete as HTML
  Parameters: {"authenticity_token"=>"ytgpMEVYuSkIeqZV/zOYUZTm2rA5MiKAF8AOfcMm1Uo=", "todo_list_id"=>"1", "id"=>"2"}
  [1m[36mTodoList Load (0.1ms)[0m  [1mSELECT  "todo_lists".* FROM "todo_lists"  WHERE "todo_lists"."id" = ? LIMIT 1[0m  [["id", 1]]
  [1m[35mTodoItem Load (0.1ms)[0m  SELECT  "todo_items".* FROM "todo_items"  WHERE "todo_items"."todo_list_id" = ? AND "todo_items"."id" = ? LIMIT 1  [["todo_list_id", 1], ["id", 2]]
  [1m[36m (0.1ms)[0m  [1mbegin transaction[0m
  [1m[35mSQL (0.3ms)[0m  UPDATE "todo_items" SET "completed_at" = ?, "updated_at" = ? WHERE "todo_items"."id" = 2  [["completed_at", "2014-11-02 18:20:17.691092"], ["updated_at", "2014-11-02 18:20:17.691624"]]
  [1m[36m (1.7ms)[0m  [1mcommit transaction[0m
Redirected to http://localhost:3001/todo_lists/1
Completed 302 Found in 8ms (ActiveRecord: 2.3ms)


Started GET "/todo_lists/1" for 127.0.0.1 at 2014-11-02 18:20:17 +0000
Processing by TodoListsController#show as HTML
  Parameters: {"id"=>"1"}
  [1m[35mTodoList Load (0.1ms)[0m  SELECT  "todo_lists".* FROM "todo_lists"  WHERE "todo_lists"."id" = ? LIMIT 1  [["id", 1]]
  [1m[36mTodoItem Load (0.1ms)[0m  [1mSELECT "todo_items".* FROM "todo_items"  WHERE "todo_items"."todo_list_id" = ?[0m  [["todo_list_id", 1]]
  Rendered todo_items/_todo_item.html.erb (0.6ms)
  Rendered todo_items/_form.html.erb (1.8ms)
  Rendered todo_lists/show.html.erb within layouts/application (5.0ms)
Completed 200 OK in 48ms (Views: 46.3ms | ActiveRecord: 0.2ms)


Started GET "/assets/scaffolds.css?body=1" for 127.0.0.1 at 2014-11-02 18:20:17 +0000


Started GET "/assets/todo_items.css?body=1" for 127.0.0.1 at 2014-11-02 18:20:17 +0000


Started GET "/assets/jquery_ujs.js?body=1" for 127.0.0.1 at 2014-11-02 18:20:17 +0000


Started GET "/assets/application.css?body=1" for 127.0.0.1 at 2014-11-02 18:20:17 +0000


Started GET "/assets/todo_lists.css?body=1" for 127.0.0.1 at 2014-11-02 18:20:17 +0000


Started GET "/assets/jquery.js?body=1" for 127.0.0.1 at 2014-11-02 18:20:17 +0000


Started GET "/assets/turbolinks.js?body=1" for 127.0.0.1 at 2014-11-02 18:20:17 +0000


Started GET "/assets/todo_lists.js?body=1" for 127.0.0.1 at 2014-11-02 18:20:17 +0000


Started GET "/assets/todo_items.js?body=1" for 127.0.0.1 at 2014-11-02 18:20:17 +0000


Started GET "/assets/application.js?body=1" for 127.0.0.1 at 2014-11-02 18:20:17 +0000


Started GET "/todo_lists/1" for 127.0.0.1 at 2014-11-02 18:27:05 +0000
Processing by TodoListsController#show as HTML
  Parameters: {"id"=>"1"}
  [1m[35mTodoList Load (0.1ms)[0m  SELECT  "todo_lists".* FROM "todo_lists"  WHERE "todo_lists"."id" = ? LIMIT 1  [["id", 1]]
  [1m[36mTodoItem Load (0.1ms)[0m  [1mSELECT "todo_items".* FROM "todo_items"  WHERE "todo_items"."todo_list_id" = ?[0m  [["todo_list_id", 1]]
  Rendered todo_items/_todo_item.html.erb (2.1ms)
  Rendered todo_lists/show.html.erb within layouts/application (3.5ms)
Completed 500 Internal Server Error in 6ms

ActionView::Template::Error (undefined method `completed?' for #<TodoItem:0x007ffa16f1dcc8>):
    4: <%= link_to "Mark as Complete", complete_todo_list_todo_item_path(@todo_list, todo_item.id), method: :patch %>
    5: 
    6: <div class="container">
    7: 	<% if todo_item.completed? %>
    8: 		<div class="complete">
    9: 			<%= link_to "Mark as Complete", complete_todo_list_todo_item_path(@todo_list, todo_item.id), method: :patch %>
   10: 		</div>
  app/views/todo_items/_todo_item.html.erb:7:in `_app_views_todo_items__todo_item_html_erb___4422467690760109766_70356051751060'
  app/views/todo_lists/show.html.erb:14:in `_app_views_todo_lists_show_html_erb__4197733513504415403_70356048959380'


  Rendered /Library/Ruby/Gems/2.0.0/gems/actionpack-4.1.6/lib/action_dispatch/middleware/templates/rescues/_trace.html.erb (1.0ms)
  Rendered /Library/Ruby/Gems/2.0.0/gems/actionpack-4.1.6/lib/action_dispatch/middleware/templates/rescues/_request_and_response.html.erb (0.8ms)
  Rendered /Library/Ruby/Gems/2.0.0/gems/actionpack-4.1.6/lib/action_dispatch/middleware/templates/rescues/template_error.html.erb within rescues/layout (8.7ms)


Started GET "/todo_lists/1" for 127.0.0.1 at 2014-11-02 18:28:05 +0000
Processing by TodoListsController#show as HTML
  Parameters: {"id"=>"1"}
  [1m[35mTodoList Load (0.1ms)[0m  SELECT  "todo_lists".* FROM "todo_lists"  WHERE "todo_lists"."id" = ? LIMIT 1  [["id", 1]]
  [1m[36mTodoItem Load (0.2ms)[0m  [1mSELECT "todo_items".* FROM "todo_items"  WHERE "todo_items"."todo_list_id" = ?[0m  [["todo_list_id", 1]]
  Rendered todo_items/_todo_item.html.erb (0.8ms)
  Rendered todo_items/_form.html.erb (2.0ms)
  Rendered todo_lists/show.html.erb within layouts/application (12.1ms)
Completed 200 OK in 105ms (Views: 97.7ms | ActiveRecord: 1.1ms)


Started GET "/assets/scaffolds.css?body=1" for 127.0.0.1 at 2014-11-02 18:28:05 +0000


Started GET "/assets/todo_items.css?body=1" for 127.0.0.1 at 2014-11-02 18:28:05 +0000


Started GET "/assets/application.css?body=1" for 127.0.0.1 at 2014-11-02 18:28:05 +0000


Started GET "/assets/turbolinks.js?body=1" for 127.0.0.1 at 2014-11-02 18:28:05 +0000


Started GET "/assets/todo_lists.css?body=1" for 127.0.0.1 at 2014-11-02 18:28:05 +0000


Started GET "/assets/todo_items.js?body=1" for 127.0.0.1 at 2014-11-02 18:28:05 +0000


Started GET "/assets/jquery_ujs.js?body=1" for 127.0.0.1 at 2014-11-02 18:28:05 +0000


Started GET "/assets/jquery.js?body=1" for 127.0.0.1 at 2014-11-02 18:28:05 +0000


Started GET "/assets/application.js?body=1" for 127.0.0.1 at 2014-11-02 18:28:05 +0000


Started GET "/assets/todo_lists.js?body=1" for 127.0.0.1 at 2014-11-02 18:28:05 +0000


Started GET "/todo_lists/1" for 127.0.0.1 at 2014-11-02 18:28:42 +0000
Processing by TodoListsController#show as HTML
  Parameters: {"id"=>"1"}
  [1m[35mTodoList Load (0.2ms)[0m  SELECT  "todo_lists".* FROM "todo_lists"  WHERE "todo_lists"."id" = ? LIMIT 1  [["id", 1]]
  [1m[36mTodoItem Load (0.1ms)[0m  [1mSELECT "todo_items".* FROM "todo_items"  WHERE "todo_items"."todo_list_id" = ?[0m  [["todo_list_id", 1]]
  Rendered todo_items/_todo_item.html.erb (1.4ms)
  Rendered todo_items/_form.html.erb (2.7ms)
  Rendered todo_lists/show.html.erb within layouts/application (7.2ms)
Completed 200 OK in 48ms (Views: 46.3ms | ActiveRecord: 0.3ms)


Started GET "/assets/scaffolds.css?body=1" for 127.0.0.1 at 2014-11-02 18:28:42 +0000


Started GET "/assets/todo_items.css?body=1" for 127.0.0.1 at 2014-11-02 18:28:42 +0000


Started GET "/assets/todo_lists.css?body=1" for 127.0.0.1 at 2014-11-02 18:28:42 +0000


Started GET "/assets/application.css?body=1" for 127.0.0.1 at 2014-11-02 18:28:42 +0000


Started GET "/assets/turbolinks.js?body=1" for 127.0.0.1 at 2014-11-02 18:28:42 +0000


Started GET "/assets/jquery.js?body=1" for 127.0.0.1 at 2014-11-02 18:28:42 +0000


Started GET "/assets/todo_items.js?body=1" for 127.0.0.1 at 2014-11-02 18:28:42 +0000


Started GET "/assets/jquery_ujs.js?body=1" for 127.0.0.1 at 2014-11-02 18:28:42 +0000


Started GET "/assets/todo_lists.js?body=1" for 127.0.0.1 at 2014-11-02 18:28:42 +0000


Started GET "/assets/application.js?body=1" for 127.0.0.1 at 2014-11-02 18:28:42 +0000
